
  .   ____          _            __ _ _
 /\\ / ___'_ __ _ _(_)_ __  __ _ \ \ \ \
( ( )\___ | '_ | '_| | '_ \/ _` | \ \ \ \
 \\/  ___)| |_)| | | | | || (_| |  ) ) ) )
  '  |____| .__|_| |_|_| |_\__, | / / / /
 =========|_|==============|___/=/_/_/_/

 :: Spring Boot ::                (v3.4.2)

2026-02-15T17:18:12.153+01:00  INFO 30220 --- [hackathown] [           main] i.ids.hackathown.HackathownApplication   : Starting HackathownApplication v0.0.1-SNAPSHOT using Java 21.0.9 with PID 30220 (C:\Users\polen\Desktop\Università\IDS\hackathown\build\libs\hackathown-0.0.1-SNAPSHOT.jar started by polen in C:\Users\polen\Desktop\Università\IDS\hackathown)
2026-02-15T17:18:12.161+01:00  INFO 30220 --- [hackathown] [           main] i.ids.hackathown.HackathownApplication   : No active profile set, falling back to 1 default profile: "default"
2026-02-15T17:18:13.224+01:00  INFO 30220 --- [hackathown] [           main] .s.d.r.c.RepositoryConfigurationDelegate : Bootstrapping Spring Data JPA repositories in DEFAULT mode.
2026-02-15T17:18:13.319+01:00  INFO 30220 --- [hackathown] [           main] .s.d.r.c.RepositoryConfigurationDelegate : Finished Spring Data repository scanning in 80 ms. Found 11 JPA repository interfaces.
2026-02-15T17:18:13.990+01:00  INFO 30220 --- [hackathown] [           main] o.s.b.w.embedded.tomcat.TomcatWebServer  : Tomcat initialized with port 8090 (http)
2026-02-15T17:18:14.004+01:00  INFO 30220 --- [hackathown] [           main] o.apache.catalina.core.StandardService   : Starting service [Tomcat]
2026-02-15T17:18:14.005+01:00  INFO 30220 --- [hackathown] [           main] o.apache.catalina.core.StandardEngine    : Starting Servlet engine: [Apache Tomcat/10.1.34]
2026-02-15T17:18:14.049+01:00  INFO 30220 --- [hackathown] [           main] o.a.c.c.C.[Tomcat].[localhost].[/]       : Initializing Spring embedded WebApplicationContext
2026-02-15T17:18:14.051+01:00  INFO 30220 --- [hackathown] [           main] w.s.c.ServletWebServerApplicationContext : Root WebApplicationContext: initialization completed in 1825 ms
2026-02-15T17:18:14.224+01:00  INFO 30220 --- [hackathown] [           main] o.hibernate.jpa.internal.util.LogHelper  : HHH000204: Processing PersistenceUnitInfo [name: default]
2026-02-15T17:18:14.288+01:00  INFO 30220 --- [hackathown] [           main] org.hibernate.Version                    : HHH000412: Hibernate ORM core version 6.6.5.Final
2026-02-15T17:18:14.325+01:00  INFO 30220 --- [hackathown] [           main] o.h.c.internal.RegionFactoryInitiator    : HHH000026: Second-level cache disabled
2026-02-15T17:18:14.592+01:00  INFO 30220 --- [hackathown] [           main] o.s.o.j.p.SpringPersistenceUnitInfo      : No LoadTimeWeaver setup: ignoring JPA class transformer
2026-02-15T17:18:14.623+01:00  INFO 30220 --- [hackathown] [           main] com.zaxxer.hikari.HikariDataSource       : HikariPool-1 - Starting...
2026-02-15T17:18:14.805+01:00  INFO 30220 --- [hackathown] [           main] com.zaxxer.hikari.pool.HikariPool        : HikariPool-1 - Added connection conn0: url=jdbc:h2:mem:hackhub user=SA
2026-02-15T17:18:14.808+01:00  INFO 30220 --- [hackathown] [           main] com.zaxxer.hikari.HikariDataSource       : HikariPool-1 - Start completed.
2026-02-15T17:18:14.860+01:00  INFO 30220 --- [hackathown] [           main] org.hibernate.orm.connections.pooling    : HHH10001005: Database info:
	Database JDBC URL [Connecting through datasource 'HikariDataSource (HikariPool-1)']
	Database driver: undefined/unknown
	Database version: 2.3.232
	Autocommit mode: undefined/unknown
	Isolation level: undefined/unknown
	Minimum pool size: undefined/unknown
	Maximum pool size: undefined/unknown
2026-02-15T17:18:15.905+01:00  INFO 30220 --- [hackathown] [           main] o.h.e.t.j.p.i.JtaPlatformInitiator       : HHH000489: No JTA platform available (set 'hibernate.transaction.jta.platform' to enable JTA platform integration)
2026-02-15T17:18:16.043+01:00  INFO 30220 --- [hackathown] [           main] j.LocalContainerEntityManagerFactoryBean : Initialized JPA EntityManagerFactory for persistence unit 'default'
2026-02-15T17:18:17.015+01:00  INFO 30220 --- [hackathown] [           main] o.s.b.a.h2.H2ConsoleAutoConfiguration    : H2 console available at '/h2-console'. Database available at 'jdbc:h2:mem:hackhub'
2026-02-15T17:18:17.094+01:00  WARN 30220 --- [hackathown] [           main] ConfigServletWebServerApplicationContext : Exception encountered during context initialization - cancelling refresh attempt: org.springframework.context.ApplicationContextException: Failed to start bean 'webServerStartStop'
2026-02-15T17:18:17.095+01:00  INFO 30220 --- [hackathown] [           main] j.LocalContainerEntityManagerFactoryBean : Closing JPA EntityManagerFactory for persistence unit 'default'
2026-02-15T17:18:17.099+01:00  INFO 30220 --- [hackathown] [           main] com.zaxxer.hikari.HikariDataSource       : HikariPool-1 - Shutdown initiated...
2026-02-15T17:18:17.101+01:00  INFO 30220 --- [hackathown] [           main] com.zaxxer.hikari.HikariDataSource       : HikariPool-1 - Shutdown completed.
2026-02-15T17:18:17.113+01:00  INFO 30220 --- [hackathown] [           main] .s.b.a.l.ConditionEvaluationReportLogger : 

Error starting ApplicationContext. To display the condition evaluation report re-run your application with 'debug' enabled.
2026-02-15T17:18:17.138+01:00 ERROR 30220 --- [hackathown] [           main] o.s.b.d.LoggingFailureAnalysisReporter   : 

***************************
APPLICATION FAILED TO START
***************************

Description:

Web server failed to start. Port 8090 was already in use.

Action:

Identify and stop the process that's listening on port 8090 or configure this application to listen on another port.

